Build started 08/05/2017 16:03:45.
     1>Project "D:\REALSENSE\pro\Proyectos_Frav\SolutionFRAV\VisorRealSenseOne\VisorRealSenseOne.vcxproj" on node 2 (Build target(s)).
     1>C:\Program Files (x86)\MSBuild\Microsoft.Cpp\v4.0\V120\Microsoft.CppBuild.targets(388,5): warning MSB8028: The intermediate directory (Debug\) contains files shared from another project (VisorRealSenseOne.vcxproj, VisorRealSense.vcxproj).  This can lead to incorrect clean and rebuild behavior.
     1>ClCompile:
         C:\Program Files (x86)\Microsoft Visual Studio 12.0\VC\bin\CL.exe /c /I.\GeneratedFiles /I. /IC:\Qt\Qt5.6.2\5.6\msvc2013\include /I.\GeneratedFiles\Debug /IC:\Qt\Qt5.6.2\5.6\msvc2013\include\QtCore /IC:\Qt\Qt5.6.2\5.6\msvc2013\include\QtGui /IC:\Qt\Qt5.6.2\5.6\msvc2013\include\QtWidgets /I"C:\opencv-3.2.0\build\install\include" /I\Include /I"C:\Program Files (x86)\Intel\RSSDK\/include" /I"C:\Program Files (x86)\Intel\RSSDK\/sample/common/include" /IC:\Qt\Qt5.6.2\5.6\msvc2013\include\QtWinExtras /ID:\REALSENSE\pro\Proyectos_Frav\SolutionFRAV\\common /Zi /nologo /W3 /WX- /Od /Oy- /D UNICODE /D WIN32 /D WIN64 /D QT_DLL /D QT_CORE_LIB /D QT_GUI_LIB /D QT_WIDGETS_LIB /D QT_WINEXTRAS_LIB /Gm- /EHsc /MTd /GS /fp:precise /Zc:wchar_t /Zc:forScope /Fo"Debug\\" /Fd"Debug\vc120.pdb" /Gd /TP /analyze- /errorReport:prompt ..\common\Cam3D.cpp
         Cam3D.cpp
     1>..\common\Cam3D.cpp(164): warning C4244: 'initializing' : conversion from 'float' to 'int', possible loss of data
     1>..\common\Cam3D.cpp(359): warning C4244: 'initializing' : conversion from 'double' to 'float', possible loss of data
     1>..\common\Cam3D.cpp(415): warning C4244: 'initializing' : conversion from 'double' to 'float', possible loss of data
     1>..\common\Cam3D.cpp(534): warning C4244: 'initializing' : conversion from 'float' to 'int', possible loss of data
     1>..\common\Cam3D.cpp(535): warning C4244: 'initializing' : conversion from 'double' to 'float', possible loss of data
     1>..\common\Cam3D.cpp(551): warning C4244: '=' : conversion from 'float' to 'int', possible loss of data
     1>..\common\Cam3D.cpp(552): warning C4244: '=' : conversion from 'double' to 'float', possible loss of data
     1>..\common\Cam3D.cpp(557): error C2784: 'bool std::operator <(const std::pair<_Ty1,_Ty2> &,const std::pair<_Ty1,_Ty2> &)' : could not deduce template argument for 'const std::pair<_Ty1,_Ty2> &' from 'std::basic_ostream<char,std::char_traits<char>>'
                 C:\Program Files (x86)\Microsoft Visual Studio 12.0\VC\include\utility(230) : see declaration of 'std::operator <'
                 C:\Program Files (x86)\Microsoft Visual Studio 12.0\VC\include\utility(230) : see declaration of 'std::operator <'
                 C:\Program Files (x86)\Microsoft Visual Studio 12.0\VC\include\utility(230) : see declaration of 'std::operator <'
                 C:\Program Files (x86)\Microsoft Visual Studio 12.0\VC\include\utility(230) : see declaration of 'std::operator <'
     1>..\common\Cam3D.cpp(557): error C2784: 'bool std::operator <(const std::_Revranit<_RanIt,_Base> &,const std::_Revranit<_RanIt2,_Base2> &)' : could not deduce template argument for 'const std::_Revranit<_RanIt,_Base> &' from 'std::basic_ostream<char,std::char_traits<char>>'
                 C:\Program Files (x86)\Microsoft Visual Studio 12.0\VC\include\xutility(971) : see declaration of 'std::operator <'
                 C:\Program Files (x86)\Microsoft Visual Studio 12.0\VC\include\xutility(971) : see declaration of 'std::operator <'
                 C:\Program Files (x86)\Microsoft Visual Studio 12.0\VC\include\xutility(971) : see declaration of 'std::operator <'
                 C:\Program Files (x86)\Microsoft Visual Studio 12.0\VC\include\xutility(971) : see declaration of 'std::operator <'
     1>..\common\Cam3D.cpp(557): error C2784: 'bool std::operator <(const std::reverse_iterator<_RanIt> &,const std::reverse_iterator<_RanIt2> &)' : could not deduce template argument for 'const std::reverse_iterator<_RanIt> &' from 'std::basic_ostream<char,std::char_traits<char>>'
                 C:\Program Files (x86)\Microsoft Visual Studio 12.0\VC\include\xutility(1155) : see declaration of 'std::operator <'
                 C:\Program Files (x86)\Microsoft Visual Studio 12.0\VC\include\xutility(1155) : see declaration of 'std::operator <'
                 C:\Program Files (x86)\Microsoft Visual Studio 12.0\VC\include\xutility(1155) : see declaration of 'std::operator <'
                 C:\Program Files (x86)\Microsoft Visual Studio 12.0\VC\include\xutility(1155) : see declaration of 'std::operator <'
     1>..\common\Cam3D.cpp(557): error C2784: 'bool std::operator <(const std::move_iterator<_RanIt> &,const std::move_iterator<_RanIt2> &)' : could not deduce template argument for 'const std::move_iterator<_RanIt> &' from 'std::basic_ostream<char,std::char_traits<char>>'
                 C:\Program Files (x86)\Microsoft Visual Studio 12.0\VC\include\xutility(1997) : see declaration of 'std::operator <'
                 C:\Program Files (x86)\Microsoft Visual Studio 12.0\VC\include\xutility(1997) : see declaration of 'std::operator <'
                 C:\Program Files (x86)\Microsoft Visual Studio 12.0\VC\include\xutility(1997) : see declaration of 'std::operator <'
                 C:\Program Files (x86)\Microsoft Visual Studio 12.0\VC\include\xutility(1997) : see declaration of 'std::operator <'
     1>..\common\Cam3D.cpp(557): error C2784: 'bool std::operator <(const std::basic_string<_Elem,_Traits,_Alloc> &,const std::basic_string<_Elem,_Traits,_Alloc> &)' : could not deduce template argument for 'const std::basic_string<_Elem,_Traits,_Alloc> &' from 'std::basic_ostream<char,std::char_traits<char>>'
                 C:\Program Files (x86)\Microsoft Visual Studio 12.0\VC\include\xstring(2525) : see declaration of 'std::operator <'
                 C:\Program Files (x86)\Microsoft Visual Studio 12.0\VC\include\xstring(2525) : see declaration of 'std::operator <'
                 C:\Program Files (x86)\Microsoft Visual Studio 12.0\VC\include\xstring(2525) : see declaration of 'std::operator <'
                 C:\Program Files (x86)\Microsoft Visual Studio 12.0\VC\include\xstring(2525) : see declaration of 'std::operator <'
     1>..\common\Cam3D.cpp(557): error C2784: 'bool std::operator <(const _Elem *,const std::basic_string<_Elem,_Traits,_Alloc> &)' : could not deduce template argument for 'const _Elem *' from 'std::basic_ostream<char,std::char_traits<char>>'
                 C:\Program Files (x86)\Microsoft Visual Studio 12.0\VC\include\xstring(2535) : see declaration of 'std::operator <'
     1>..\common\Cam3D.cpp(557): error C2784: 'bool std::operator <(const std::basic_string<_Elem,_Traits,_Alloc> &,const _Elem *)' : could not deduce template argument for 'const std::basic_string<_Elem,_Traits,_Alloc> &' from 'std::basic_ostream<char,std::char_traits<char>>'
                 C:\Program Files (x86)\Microsoft Visual Studio 12.0\VC\include\xstring(2545) : see declaration of 'std::operator <'
                 C:\Program Files (x86)\Microsoft Visual Studio 12.0\VC\include\xstring(2545) : see declaration of 'std::operator <'
                 C:\Program Files (x86)\Microsoft Visual Studio 12.0\VC\include\xstring(2545) : see declaration of 'std::operator <'
                 C:\Program Files (x86)\Microsoft Visual Studio 12.0\VC\include\xstring(2545) : see declaration of 'std::operator <'
     1>..\common\Cam3D.cpp(557): error C2784: 'bool std::operator <(const std::list<_Ty,_Alloc> &,const std::list<_Ty,_Alloc> &)' : could not deduce template argument for 'const std::list<_Ty,_Alloc> &' from 'std::basic_ostream<char,std::char_traits<char>>'
                 C:\Program Files (x86)\Microsoft Visual Studio 12.0\VC\include\list(1958) : see declaration of 'std::operator <'
                 C:\Program Files (x86)\Microsoft Visual Studio 12.0\VC\include\list(1958) : see declaration of 'std::operator <'
                 C:\Program Files (x86)\Microsoft Visual Studio 12.0\VC\include\list(1958) : see declaration of 'std::operator <'
                 C:\Program Files (x86)\Microsoft Visual Studio 12.0\VC\include\list(1958) : see declaration of 'std::operator <'
     1>..\common\Cam3D.cpp(557): error C2784: 'bool std::operator <(const std::vector<_Ty,_Alloc> &,const std::vector<_Ty,_Alloc> &)' : could not deduce template argument for 'const std::vector<_Ty,_Alloc> &' from 'std::basic_ostream<char,std::char_traits<char>>'
                 C:\Program Files (x86)\Microsoft Visual Studio 12.0\VC\include\vector(1813) : see declaration of 'std::operator <'
                 C:\Program Files (x86)\Microsoft Visual Studio 12.0\VC\include\vector(1813) : see declaration of 'std::operator <'
                 C:\Program Files (x86)\Microsoft Visual Studio 12.0\VC\include\vector(1813) : see declaration of 'std::operator <'
                 C:\Program Files (x86)\Microsoft Visual Studio 12.0\VC\include\vector(1813) : see declaration of 'std::operator <'
     1>..\common\Cam3D.cpp(557): error C2784: 'bool std::operator <(const std::_Tree<_Traits> &,const std::_Tree<_Traits> &)' : could not deduce template argument for 'const std::_Tree<_Traits> &' from 'std::basic_ostream<char,std::char_traits<char>>'
                 C:\Program Files (x86)\Microsoft Visual Studio 12.0\VC\include\xtree(2259) : see declaration of 'std::operator <'
                 C:\Program Files (x86)\Microsoft Visual Studio 12.0\VC\include\xtree(2259) : see declaration of 'std::operator <'
                 C:\Program Files (x86)\Microsoft Visual Studio 12.0\VC\include\xtree(2259) : see declaration of 'std::operator <'
                 C:\Program Files (x86)\Microsoft Visual Studio 12.0\VC\include\xtree(2259) : see declaration of 'std::operator <'
     1>..\common\Cam3D.cpp(557): error C2784: 'bool std::operator <(const std::tuple<_Types...> &,const std::tuple<_Types1...> &)' : could not deduce template argument for 'const std::tuple<_Types...> &' from 'std::basic_ostream<char,std::char_traits<char>>'
                 C:\Program Files (x86)\Microsoft Visual Studio 12.0\VC\include\tuple(480) : see declaration of 'std::operator <'
                 C:\Program Files (x86)\Microsoft Visual Studio 12.0\VC\include\tuple(480) : see declaration of 'std::operator <'
                 C:\Program Files (x86)\Microsoft Visual Studio 12.0\VC\include\tuple(480) : see declaration of 'std::operator <'
                 C:\Program Files (x86)\Microsoft Visual Studio 12.0\VC\include\tuple(480) : see declaration of 'std::operator <'
     1>..\common\Cam3D.cpp(557): error C2784: 'bool std::operator <(const std::deque<_Ty,_Alloc> &,const std::deque<_Ty,_Alloc> &)' : could not deduce template argument for 'const std::deque<_Ty,_Alloc> &' from 'std::basic_ostream<char,std::char_traits<char>>'
                 C:\Program Files (x86)\Microsoft Visual Studio 12.0\VC\include\deque(1899) : see declaration of 'std::operator <'
                 C:\Program Files (x86)\Microsoft Visual Studio 12.0\VC\include\deque(1899) : see declaration of 'std::operator <'
                 C:\Program Files (x86)\Microsoft Visual Studio 12.0\VC\include\deque(1899) : see declaration of 'std::operator <'
                 C:\Program Files (x86)\Microsoft Visual Studio 12.0\VC\include\deque(1899) : see declaration of 'std::operator <'
     1>..\common\Cam3D.cpp(557): error C2676: binary '<' : 'std::basic_ostream<char,std::char_traits<char>>' does not define this operator or a conversion to a type acceptable to the predefined operator
     1>Done Building Project "D:\REALSENSE\pro\Proyectos_Frav\SolutionFRAV\VisorRealSenseOne\VisorRealSenseOne.vcxproj" (Build target(s)) -- FAILED.

Build FAILED.

Time Elapsed 00:00:05.67
